# JRE version: OpenJDK Runtime Environment (8.0_141-b15) (build 1.8.0_141-BLFS-b15)
# Java VM: OpenJDK 64-Bit Server VM (25.141-b15 mixed mode linux-amd64 compressed oops)
Heap:
 PSYoungGen      total 16384K, used 8673K [0x00000000eab00000, 0x00000000ebc00000, 0x0000000100000000)
  eden space 15360K, 55% used [0x00000000eab00000,0x00000000eb3607e0,0x00000000eba00000)
  from space 1024K, 9% used [0x00000000eba00000,0x00000000eba18000,0x00000000ebb00000)
  to   space 1024K, 0% used [0x00000000ebb00000,0x00000000ebb00000,0x00000000ebc00000)
 ParOldGen       total 40960K, used 6540K [0x00000000c0000000, 0x00000000c2800000, 0x00000000eab00000)
  object space 40960K, 15% used [0x00000000c0000000,0x00000000c0663050,0x00000000c2800000)
 Metaspace       used 18753K, capacity 18994K, committed 19456K, reserved 1067008K
  class space    used 2107K, capacity 2188K, committed 2304K, reserved 1048576K
GC Heap History (10 events):
Event: 17532,148 GC heap before
{Heap before GC invocations=51 (full 0):
 PSYoungGen      total 16384K, used 15456K [0x00000000eab00000, 0x00000000ebc00000, 0x0000000100000000)
  eden space 15360K, 100% used [0x00000000eab00000,0x00000000eba00000,0x00000000eba00000)
  from space 1024K, 9% used [0x00000000ebb00000,0x00000000ebb18000,0x00000000ebc00000)
  to   space 1024K, 0% used [0x00000000eba00000,0x00000000eba00000,0x00000000ebb00000)
 ParOldGen       total 40960K, used 6516K [0x00000000c0000000, 0x00000000c2800000, 0x00000000eab00000)
  object space 40960K, 15% used [0x00000000c0000000,0x00000000c065d050,0x00000000c2800000)
 Metaspace       used 18722K, capacity 18994K, committed 19456K, reserved 1067008K
  class space    used 2107K, capacity 2188K, committed 2304K, reserved 1048576K
Event: 17532,151 GC heap after
Heap after GC invocations=51 (full 0):
 PSYoungGen      total 16384K, used 64K [0x00000000eab00000, 0x00000000ebc00000, 0x0000000100000000)
  eden space 15360K, 0% used [0x00000000eab00000,0x00000000eab00000,0x00000000eba00000)
  from space 1024K, 6% used [0x00000000eba00000,0x00000000eba10000,0x00000000ebb00000)
  to   space 1024K, 0% used [0x00000000ebb00000,0x00000000ebb00000,0x00000000ebc00000)
 ParOldGen       total 40960K, used 6524K [0x00000000c0000000, 0x00000000c2800000, 0x00000000eab00000)
  object space 40960K, 15% used [0x00000000c0000000,0x00000000c065f050,0x00000000c2800000)
 Metaspace       used 18722K, capacity 18994K, committed 19456K, reserved 1067008K
  class space    used 2107K, capacity 2188K, committed 2304K, reserved 1048576K
}
Event: 17700,204 GC heap before
{Heap before GC invocations=52 (full 0):
 PSYoungGen      total 16384K, used 15424K [0x00000000eab00000, 0x00000000ebc00000, 0x0000000100000000)
  eden space 15360K, 100% used [0x00000000eab00000,0x00000000eba00000,0x00000000eba00000)
  from space 1024K, 6% used [0x00000000eba00000,0x00000000eba10000,0x00000000ebb00000)
  to   space 1024K, 0% used [0x00000000ebb00000,0x00000000ebb00000,0x00000000ebc00000)
 ParOldGen       total 40960K, used 6524K [0x00000000c0000000, 0x00000000c2800000, 0x00000000eab00000)
  object space 40960K, 15% used [0x00000000c0000000,0x00000000c065f050,0x00000000c2800000)
 Metaspace       used 18722K, capacity 18994K, committed 19456K, reserved 1067008K
  class space    used 2107K, capacity 2188K, committed 2304K, reserved 1048576K
Event: 17700,206 GC heap after
Heap after GC invocations=52 (full 0):
 PSYoungGen      total 16384K, used 128K [0x00000000eab00000, 0x00000000ebc00000, 0x0000000100000000)
  eden space 15360K, 0% used [0x00000000eab00000,0x00000000eab00000,0x00000000eba00000)
  from space 1024K, 12% used [0x00000000ebb00000,0x00000000ebb20000,0x00000000ebc00000)
  to   space 1024K, 0% used [0x00000000eba00000,0x00000000eba00000,0x00000000ebb00000)
 ParOldGen       total 40960K, used 6524K [0x00000000c0000000, 0x00000000c2800000, 0x00000000eab00000)
  object space 40960K, 15% used [0x00000000c0000000,0x00000000c065f050,0x00000000c2800000)
 Metaspace       used 18722K, capacity 18994K, committed 19456K, reserved 1067008K
  class space    used 2107K, capacity 2188K, committed 2304K, reserved 1048576K
}
Event: 17869,261 GC heap before
{Heap before GC invocations=53 (full 0):
 PSYoungGen      total 16384K, used 15488K [0x00000000eab00000, 0x00000000ebc00000, 0x0000000100000000)
  eden space 15360K, 100% used [0x00000000eab00000,0x00000000eba00000,0x00000000eba00000)
  from space 1024K, 12% used [0x00000000ebb00000,0x00000000ebb20000,0x00000000ebc00000)
  to   space 1024K, 0% used [0x00000000eba00000,0x00000000eba00000,0x00000000ebb00000)
 ParOldGen       total 40960K, used 6524K [0x00000000c0000000, 0x00000000c2800000, 0x00000000eab00000)
  object space 40960K, 15% used [0x00000000c0000000,0x00000000c065f050,0x00000000c2800000)
 Metaspace       used 18724K, capacity 18994K, committed 19456K, reserved 1067008K
  class space    used 2107K, capacity 2188K, committed 2304K, reserved 1048576K
Event: 17869,263 GC heap after
Heap after GC invocations=53 (full 0):
 PSYoungGen      total 16384K, used 96K [0x00000000eab00000, 0x00000000ebc00000, 0x0000000100000000)
  eden space 15360K, 0% used [0x00000000eab00000,0x00000000eab00000,0x00000000eba00000)
  from space 1024K, 9% used [0x00000000eba00000,0x00000000eba18000,0x00000000ebb00000)
  to   space 1024K, 0% used [0x00000000ebb00000,0x00000000ebb00000,0x00000000ebc00000)
 ParOldGen       total 40960K, used 6524K [0x00000000c0000000, 0x00000000c2800000, 0x00000000eab00000)
  object space 40960K, 15% used [0x00000000c0000000,0x00000000c065f050,0x00000000c2800000)
 Metaspace       used 18724K, capacity 18994K, committed 19456K, reserved 1067008K
  class space    used 2107K, capacity 2188K, committed 2304K, reserved 1048576K
}
Event: 18038,314 GC heap before
{Heap before GC invocations=54 (full 0):
 PSYoungGen      total 16384K, used 15456K [0x00000000eab00000, 0x00000000ebc00000, 0x0000000100000000)
  eden space 15360K, 100% used [0x00000000eab00000,0x00000000eba00000,0x00000000eba00000)
  from space 1024K, 9% used [0x00000000eba00000,0x00000000eba18000,0x00000000ebb00000)
  to   space 1024K, 0% used [0x00000000ebb00000,0x00000000ebb00000,0x00000000ebc00000)
 ParOldGen       total 40960K, used 6524K [0x00000000c0000000, 0x00000000c2800000, 0x00000000eab00000)
  object space 40960K, 15% used [0x00000000c0000000,0x00000000c065f050,0x00000000c2800000)
 Metaspace       used 18724K, capacity 18994K, committed 19456K, reserved 1067008K
  class space    used 2107K, capacity 2188K, committed 2304K, reserved 1048576K
Event: 18038,316 GC heap after
Heap after GC invocations=54 (full 0):
 PSYoungGen      total 16384K, used 96K [0x00000000eab00000, 0x00000000ebc00000, 0x0000000100000000)
  eden space 15360K, 0% used [0x00000000eab00000,0x00000000eab00000,0x00000000eba00000)
  from space 1024K, 9% used [0x00000000ebb00000,0x00000000ebb18000,0x00000000ebc00000)
  to   space 1024K, 0% used [0x00000000eba00000,0x00000000eba00000,0x00000000ebb00000)
 ParOldGen       total 40960K, used 6532K [0x00000000c0000000, 0x00000000c2800000, 0x00000000eab00000)
  object space 40960K, 15% used [0x00000000c0000000,0x00000000c0661050,0x00000000c2800000)
 Metaspace       used 18724K, capacity 18994K, committed 19456K, reserved 1067008K
  class space    used 2107K, capacity 2188K, committed 2304K, reserved 1048576K
}
Event: 18207,460 GC heap before
{Heap before GC invocations=55 (full 0):
 PSYoungGen      total 16384K, used 15456K [0x00000000eab00000, 0x00000000ebc00000, 0x0000000100000000)
  eden space 15360K, 100% used [0x00000000eab00000,0x00000000eba00000,0x00000000eba00000)
  from space 1024K, 9% used [0x00000000ebb00000,0x00000000ebb18000,0x00000000ebc00000)
  to   space 1024K, 0% used [0x00000000eba00000,0x00000000eba00000,0x00000000ebb00000)
 ParOldGen       total 40960K, used 6532K [0x00000000c0000000, 0x00000000c2800000, 0x00000000eab00000)
  object space 40960K, 15% used [0x00000000c0000000,0x00000000c0661050,0x00000000c2800000)
 Metaspace       used 18744K, capacity 18994K, committed 19456K, reserved 1067008K
  class space    used 2107K, capacity 2188K, committed 2304K, reserved 1048576K
Event: 18207,468 GC heap after
Heap after GC invocations=55 (full 0):
 PSYoungGen      total 16384K, used 96K [0x00000000eab00000, 0x00000000ebc00000, 0x0000000100000000)
  eden space 15360K, 0% used [0x00000000eab00000,0x00000000eab00000,0x00000000eba00000)
  from space 1024K, 9% used [0x00000000eba00000,0x00000000eba18000,0x00000000ebb00000)
  to   space 1024K, 0% used [0x00000000ebb00000,0x00000000ebb00000,0x00000000ebc00000)
 ParOldGen       total 40960K, used 6540K [0x00000000c0000000, 0x00000000c2800000, 0x00000000eab00000)
  object space 40960K, 15% used [0x00000000c0000000,0x00000000c0663050,0x00000000c2800000)
 Metaspace       used 18744K, capacity 18994K, committed 19456K, reserved 1067008K
  class space    used 2107K, capacity 2188K, committed 2304K, reserved 1048576K
}

