# JRE version: OpenJDK Runtime Environment (8.0_141-b15) (build 1.8.0_141-BLFS-b15)
# Java VM: OpenJDK 64-Bit Server VM (25.141-b15 mixed mode linux-amd64 compressed oops)
Heap:
 PSYoungGen      total 17408K, used 5597K [0x00000000eab00000, 0x00000000ebe80000, 0x0000000100000000)
  eden space 14848K, 36% used [0x00000000eab00000,0x00000000eb057750,0x00000000eb980000)
  from space 2560K, 5% used [0x00000000eb980000,0x00000000eb9a0000,0x00000000ebc00000)
  to   space 2560K, 0% used [0x00000000ebc00000,0x00000000ebc00000,0x00000000ebe80000)
 ParOldGen       total 40960K, used 2641K [0x00000000c0000000, 0x00000000c2800000, 0x00000000eab00000)
  object space 40960K, 6% used [0x00000000c0000000,0x00000000c02946d8,0x00000000c2800000)
 Metaspace       used 15037K, capacity 15314K, committed 15616K, reserved 1062912K
  class space    used 1676K, capacity 1760K, committed 1792K, reserved 1048576K
GC Heap History (10 events):
Event: 13146,008 GC heap before
{Heap before GC invocations=19 (full 0):
 PSYoungGen      total 16896K, used 14912K [0x00000000eab00000, 0x00000000ebe80000, 0x0000000100000000)
  eden space 14848K, 100% used [0x00000000eab00000,0x00000000eb980000,0x00000000eb980000)
  from space 2048K, 3% used [0x00000000ebc80000,0x00000000ebc90000,0x00000000ebe80000)
  to   space 2560K, 0% used [0x00000000eb980000,0x00000000eb980000,0x00000000ebc00000)
 ParOldGen       total 40960K, used 1868K [0x00000000c0000000, 0x00000000c2800000, 0x00000000eab00000)
  object space 40960K, 4% used [0x00000000c0000000,0x00000000c01d3378,0x00000000c2800000)
 Metaspace       used 14988K, capacity 15250K, committed 15616K, reserved 1062912K
  class space    used 1675K, capacity 1760K, committed 1792K, reserved 1048576K
Event: 13146,018 GC heap after
Heap after GC invocations=19 (full 0):
 PSYoungGen      total 17408K, used 1202K [0x00000000eab00000, 0x00000000ebf80000, 0x0000000100000000)
  eden space 14848K, 0% used [0x00000000eab00000,0x00000000eab00000,0x00000000eb980000)
  from space 2560K, 46% used [0x00000000eb980000,0x00000000ebaac820,0x00000000ebc00000)
  to   space 3072K, 0% used [0x00000000ebc80000,0x00000000ebc80000,0x00000000ebf80000)
 ParOldGen       total 40960K, used 1876K [0x00000000c0000000, 0x00000000c2800000, 0x00000000eab00000)
  object space 40960K, 4% used [0x00000000c0000000,0x00000000c01d5378,0x00000000c2800000)
 Metaspace       used 14988K, capacity 15250K, committed 15616K, reserved 1062912K
  class space    used 1675K, capacity 1760K, committed 1792K, reserved 1048576K
}
Event: 13694,596 GC heap before
{Heap before GC invocations=20 (full 0):
 PSYoungGen      total 17408K, used 16050K [0x00000000eab00000, 0x00000000ebf80000, 0x0000000100000000)
  eden space 14848K, 100% used [0x00000000eab00000,0x00000000eb980000,0x00000000eb980000)
  from space 2560K, 46% used [0x00000000eb980000,0x00000000ebaac820,0x00000000ebc00000)
  to   space 3072K, 0% used [0x00000000ebc80000,0x00000000ebc80000,0x00000000ebf80000)
 ParOldGen       total 40960K, used 1876K [0x00000000c0000000, 0x00000000c2800000, 0x00000000eab00000)
  object space 40960K, 4% used [0x00000000c0000000,0x00000000c01d5378,0x00000000c2800000)
 Metaspace       used 15027K, capacity 15314K, committed 15616K, reserved 1062912K
  class space    used 1675K, capacity 1760K, committed 1792K, reserved 1048576K
Event: 13694,608 GC heap after
Heap after GC invocations=20 (full 0):
 PSYoungGen      total 16896K, used 160K [0x00000000eab00000, 0x00000000ebe80000, 0x0000000100000000)
  eden space 14848K, 0% used [0x00000000eab00000,0x00000000eab00000,0x00000000eb980000)
  from space 2048K, 7% used [0x00000000ebc80000,0x00000000ebca8000,0x00000000ebe80000)
  to   space 2560K, 0% used [0x00000000eb980000,0x00000000eb980000,0x00000000ebc00000)
 ParOldGen       total 40960K, used 2625K [0x00000000c0000000, 0x00000000c2800000, 0x00000000eab00000)
  object space 40960K, 6% used [0x00000000c0000000,0x00000000c02906d8,0x00000000c2800000)
 Metaspace       used 15027K, capacity 15314K, committed 15616K, reserved 1062912K
  class space    used 1675K, capacity 1760K, committed 1792K, reserved 1048576K
}
Event: 14302,779 GC heap before
{Heap before GC invocations=21 (full 0):
 PSYoungGen      total 16896K, used 15008K [0x00000000eab00000, 0x00000000ebe80000, 0x0000000100000000)
  eden space 14848K, 100% used [0x00000000eab00000,0x00000000eb980000,0x00000000eb980000)
  from space 2048K, 7% used [0x00000000ebc80000,0x00000000ebca8000,0x00000000ebe80000)
  to   space 2560K, 0% used [0x00000000eb980000,0x00000000eb980000,0x00000000ebc00000)
 ParOldGen       total 40960K, used 2625K [0x00000000c0000000, 0x00000000c2800000, 0x00000000eab00000)
  object space 40960K, 6% used [0x00000000c0000000,0x00000000c02906d8,0x00000000c2800000)
 Metaspace       used 15029K, capacity 15314K, committed 15616K, reserved 1062912K
  class space    used 1675K, capacity 1760K, committed 1792K, reserved 1048576K
Event: 14302,787 GC heap after
Heap after GC invocations=21 (full 0):
 PSYoungGen      total 17408K, used 64K [0x00000000eab00000, 0x00000000ebe80000, 0x0000000100000000)
  eden space 14848K, 0% used [0x00000000eab00000,0x00000000eab00000,0x00000000eb980000)
  from space 2560K, 2% used [0x00000000eb980000,0x00000000eb990000,0x00000000ebc00000)
  to   space 2560K, 0% used [0x00000000ebc00000,0x00000000ebc00000,0x00000000ebe80000)
 ParOldGen       total 40960K, used 2641K [0x00000000c0000000, 0x00000000c2800000, 0x00000000eab00000)
  object space 40960K, 6% used [0x00000000c0000000,0x00000000c02946d8,0x00000000c2800000)
 Metaspace       used 15029K, capacity 15314K, committed 15616K, reserved 1062912K
  class space    used 1675K, capacity 1760K, committed 1792K, reserved 1048576K
}
Event: 14910,970 GC heap before
{Heap before GC invocations=22 (full 0):
 PSYoungGen      total 17408K, used 14912K [0x00000000eab00000, 0x00000000ebe80000, 0x0000000100000000)
  eden space 14848K, 100% used [0x00000000eab00000,0x00000000eb980000,0x00000000eb980000)
  from space 2560K, 2% used [0x00000000eb980000,0x00000000eb990000,0x00000000ebc00000)
  to   space 2560K, 0% used [0x00000000ebc00000,0x00000000ebc00000,0x00000000ebe80000)
 ParOldGen       total 40960K, used 2641K [0x00000000c0000000, 0x00000000c2800000, 0x00000000eab00000)
  object space 40960K, 6% used [0x00000000c0000000,0x00000000c02946d8,0x00000000c2800000)
 Metaspace       used 15029K, capacity 15314K, committed 15616K, reserved 1062912K
  class space    used 1675K, capacity 1760K, committed 1792K, reserved 1048576K
Event: 14910,974 GC heap after
Heap after GC invocations=22 (full 0):
 PSYoungGen      total 17408K, used 64K [0x00000000eab00000, 0x00000000ebe80000, 0x0000000100000000)
  eden space 14848K, 0% used [0x00000000eab00000,0x00000000eab00000,0x00000000eb980000)
  from space 2560K, 2% used [0x00000000ebc00000,0x00000000ebc10000,0x00000000ebe80000)
  to   space 2560K, 0% used [0x00000000eb980000,0x00000000eb980000,0x00000000ebc00000)
 ParOldGen       total 40960K, used 2641K [0x00000000c0000000, 0x00000000c2800000, 0x00000000eab00000)
  object space 40960K, 6% used [0x00000000c0000000,0x00000000c02946d8,0x00000000c2800000)
 Metaspace       used 15029K, capacity 15314K, committed 15616K, reserved 1062912K
  class space    used 1675K, capacity 1760K, committed 1792K, reserved 1048576K
}
Event: 15515,168 GC heap before
{Heap before GC invocations=23 (full 0):
 PSYoungGen      total 17408K, used 14912K [0x00000000eab00000, 0x00000000ebe80000, 0x0000000100000000)
  eden space 14848K, 100% used [0x00000000eab00000,0x00000000eb980000,0x00000000eb980000)
  from space 2560K, 2% used [0x00000000ebc00000,0x00000000ebc10000,0x00000000ebe80000)
  to   space 2560K, 0% used [0x00000000eb980000,0x00000000eb980000,0x00000000ebc00000)
 ParOldGen       total 40960K, used 2641K [0x00000000c0000000, 0x00000000c2800000, 0x00000000eab00000)
  object space 40960K, 6% used [0x00000000c0000000,0x00000000c02946d8,0x00000000c2800000)
 Metaspace       used 15029K, capacity 15314K, committed 15616K, reserved 1062912K
  class space    used 1675K, capacity 1760K, committed 1792K, reserved 1048576K
Event: 15515,170 GC heap after
Heap after GC invocations=23 (full 0):
 PSYoungGen      total 17408K, used 128K [0x00000000eab00000, 0x00000000ebe80000, 0x0000000100000000)
  eden space 14848K, 0% used [0x00000000eab00000,0x00000000eab00000,0x00000000eb980000)
  from space 2560K, 5% used [0x00000000eb980000,0x00000000eb9a0000,0x00000000ebc00000)
  to   space 2560K, 0% used [0x00000000ebc00000,0x00000000ebc00000,0x00000000ebe80000)
 ParOldGen       total 40960K, used 2641K [0x00000000c0000000, 0x00000000c2800000, 0x00000000eab00000)
  object space 40960K, 6% used [0x00000000c0000000,0x00000000c02946d8,0x00000000c2800000)
 Metaspace       used 15029K, capacity 15314K, committed 15616K, reserved 1062912K
  class space    used 1675K, capacity 1760K, committed 1792K, reserved 1048576K
}

