# JRE version: OpenJDK Runtime Environment (8.0_141-b15) (build 1.8.0_141-BLFS-b15)
# Java VM: OpenJDK 64-Bit Server VM (25.141-b15 mixed mode linux-amd64 compressed oops)
Heap:
 PSYoungGen      total 15360K, used 4681K [0x00000000eab00000, 0x00000000ebb00000, 0x0000000100000000)
  eden space 14848K, 29% used [0x00000000eab00000,0x00000000eaf35f90,0x00000000eb980000)
  from space 512K, 72% used [0x00000000eba00000,0x00000000eba5c700,0x00000000eba80000)
  to   space 512K, 0% used [0x00000000eba80000,0x00000000eba80000,0x00000000ebb00000)
 ParOldGen       total 40960K, used 8164K [0x00000000c0000000, 0x00000000c2800000, 0x00000000eab00000)
  object space 40960K, 19% used [0x00000000c0000000,0x00000000c07f93a0,0x00000000c2800000)
 Metaspace       used 18840K, capacity 19116K, committed 19328K, reserved 1067008K
  class space    used 2080K, capacity 2161K, committed 2176K, reserved 1048576K
GC Heap History (10 events):
Event: 26629,851 GC heap before
{Heap before GC invocations=85 (full 0):
 PSYoungGen      total 15360K, used 15150K [0x00000000eab00000, 0x00000000ebb00000, 0x0000000100000000)
  eden space 14848K, 99% used [0x00000000eab00000,0x00000000eb97f8e8,0x00000000eb980000)
  from space 512K, 59% used [0x00000000eba80000,0x00000000ebacc060,0x00000000ebb00000)
  to   space 512K, 0% used [0x00000000eba00000,0x00000000eba00000,0x00000000eba80000)
 ParOldGen       total 40960K, used 7790K [0x00000000c0000000, 0x00000000c2800000, 0x00000000eab00000)
  object space 40960K, 19% used [0x00000000c0000000,0x00000000c079b8b0,0x00000000c2800000)
 Metaspace       used 18764K, capacity 19052K, committed 19328K, reserved 1067008K
  class space    used 2077K, capacity 2161K, committed 2176K, reserved 1048576K
Event: 26629,854 GC heap after
Heap after GC invocations=85 (full 0):
 PSYoungGen      total 15360K, used 304K [0x00000000eab00000, 0x00000000ebb00000, 0x0000000100000000)
  eden space 14848K, 0% used [0x00000000eab00000,0x00000000eab00000,0x00000000eb980000)
  from space 512K, 59% used [0x00000000eba00000,0x00000000eba4c060,0x00000000eba80000)
  to   space 512K, 0% used [0x00000000eba80000,0x00000000eba80000,0x00000000ebb00000)
 ParOldGen       total 40960K, used 7878K [0x00000000c0000000, 0x00000000c2800000, 0x00000000eab00000)
  object space 40960K, 19% used [0x00000000c0000000,0x00000000c07b18c0,0x00000000c2800000)
 Metaspace       used 18764K, capacity 19052K, committed 19328K, reserved 1067008K
  class space    used 2077K, capacity 2161K, committed 2176K, reserved 1048576K
}
Event: 26639,221 GC heap before
{Heap before GC invocations=86 (full 0):
 PSYoungGen      total 15360K, used 15138K [0x00000000eab00000, 0x00000000ebb00000, 0x0000000100000000)
  eden space 14848K, 99% used [0x00000000eab00000,0x00000000eb97c7e8,0x00000000eb980000)
  from space 512K, 59% used [0x00000000eba00000,0x00000000eba4c060,0x00000000eba80000)
  to   space 512K, 0% used [0x00000000eba80000,0x00000000eba80000,0x00000000ebb00000)
 ParOldGen       total 40960K, used 7878K [0x00000000c0000000, 0x00000000c2800000, 0x00000000eab00000)
  object space 40960K, 19% used [0x00000000c0000000,0x00000000c07b18c0,0x00000000c2800000)
 Metaspace       used 18766K, capacity 19052K, committed 19328K, reserved 1067008K
  class space    used 2077K, capacity 2161K, committed 2176K, reserved 1048576K
Event: 26639,224 GC heap after
Heap after GC invocations=86 (full 0):
 PSYoungGen      total 15360K, used 352K [0x00000000eab00000, 0x00000000ebb00000, 0x0000000100000000)
  eden space 14848K, 0% used [0x00000000eab00000,0x00000000eab00000,0x00000000eb980000)
  from space 512K, 68% used [0x00000000eba80000,0x00000000ebad8090,0x00000000ebb00000)
  to   space 512K, 0% used [0x00000000eba00000,0x00000000eba00000,0x00000000eba80000)
 ParOldGen       total 40960K, used 7894K [0x00000000c0000000, 0x00000000c2800000, 0x00000000eab00000)
  object space 40960K, 19% used [0x00000000c0000000,0x00000000c07b58c0,0x00000000c2800000)
 Metaspace       used 18766K, capacity 19052K, committed 19328K, reserved 1067008K
  class space    used 2077K, capacity 2161K, committed 2176K, reserved 1048576K
}
Event: 26652,963 GC heap before
{Heap before GC invocations=87 (full 0):
 PSYoungGen      total 15360K, used 15184K [0x00000000eab00000, 0x00000000ebb00000, 0x0000000100000000)
  eden space 14848K, 99% used [0x00000000eab00000,0x00000000eb97c090,0x00000000eb980000)
  from space 512K, 68% used [0x00000000eba80000,0x00000000ebad8090,0x00000000ebb00000)
  to   space 512K, 0% used [0x00000000eba00000,0x00000000eba00000,0x00000000eba80000)
 ParOldGen       total 40960K, used 7894K [0x00000000c0000000, 0x00000000c2800000, 0x00000000eab00000)
  object space 40960K, 19% used [0x00000000c0000000,0x00000000c07b58c0,0x00000000c2800000)
 Metaspace       used 18766K, capacity 19052K, committed 19328K, reserved 1067008K
  class space    used 2077K, capacity 2161K, committed 2176K, reserved 1048576K
Event: 26652,966 GC heap after
Heap after GC invocations=87 (full 0):
 PSYoungGen      total 15360K, used 192K [0x00000000eab00000, 0x00000000ebb00000, 0x0000000100000000)
  eden space 14848K, 0% used [0x00000000eab00000,0x00000000eab00000,0x00000000eb980000)
  from space 512K, 37% used [0x00000000eba00000,0x00000000eba30040,0x00000000eba80000)
  to   space 512K, 0% used [0x00000000eba80000,0x00000000eba80000,0x00000000ebb00000)
 ParOldGen       total 40960K, used 8062K [0x00000000c0000000, 0x00000000c2800000, 0x00000000eab00000)
  object space 40960K, 19% used [0x00000000c0000000,0x00000000c07df8e0,0x00000000c2800000)
 Metaspace       used 18766K, capacity 19052K, committed 19328K, reserved 1067008K
  class space    used 2077K, capacity 2161K, committed 2176K, reserved 1048576K
}
Event: 26669,171 GC heap before
{Heap before GC invocations=88 (full 0):
 PSYoungGen      total 15360K, used 15030K [0x00000000eab00000, 0x00000000ebb00000, 0x0000000100000000)
  eden space 14848K, 99% used [0x00000000eab00000,0x00000000eb97d9c8,0x00000000eb980000)
  from space 512K, 37% used [0x00000000eba00000,0x00000000eba30040,0x00000000eba80000)
  to   space 512K, 0% used [0x00000000eba80000,0x00000000eba80000,0x00000000ebb00000)
 ParOldGen       total 40960K, used 8062K [0x00000000c0000000, 0x00000000c2800000, 0x00000000eab00000)
  object space 40960K, 19% used [0x00000000c0000000,0x00000000c07df8e0,0x00000000c2800000)
 Metaspace       used 18783K, capacity 19052K, committed 19328K, reserved 1067008K
  class space    used 2080K, capacity 2161K, committed 2176K, reserved 1048576K
Event: 26669,174 GC heap after
Heap after GC invocations=88 (full 0):
 PSYoungGen      total 15360K, used 385K [0x00000000eab00000, 0x00000000ebb00000, 0x0000000100000000)
  eden space 14848K, 0% used [0x00000000eab00000,0x00000000eab00000,0x00000000eb980000)
  from space 512K, 75% used [0x00000000eba80000,0x00000000ebae04e0,0x00000000ebb00000)
  to   space 512K, 0% used [0x00000000eba00000,0x00000000eba00000,0x00000000eba80000)
 ParOldGen       total 40960K, used 8070K [0x00000000c0000000, 0x00000000c2800000, 0x00000000eab00000)
  object space 40960K, 19% used [0x00000000c0000000,0x00000000c07e18e0,0x00000000c2800000)
 Metaspace       used 18783K, capacity 19052K, committed 19328K, reserved 1067008K
  class space    used 2080K, capacity 2161K, committed 2176K, reserved 1048576K
}
Event: 26683,739 GC heap before
{Heap before GC invocations=89 (full 0):
 PSYoungGen      total 15360K, used 15233K [0x00000000eab00000, 0x00000000ebb00000, 0x0000000100000000)
  eden space 14848K, 100% used [0x00000000eab00000,0x00000000eb980000,0x00000000eb980000)
  from space 512K, 75% used [0x00000000eba80000,0x00000000ebae04e0,0x00000000ebb00000)
  to   space 512K, 0% used [0x00000000eba00000,0x00000000eba00000,0x00000000eba80000)
 ParOldGen       total 40960K, used 8070K [0x00000000c0000000, 0x00000000c2800000, 0x00000000eab00000)
  object space 40960K, 19% used [0x00000000c0000000,0x00000000c07e18e0,0x00000000c2800000)
 Metaspace       used 18809K, capacity 19116K, committed 19328K, reserved 1067008K
  class space    used 2080K, capacity 2161K, committed 2176K, reserved 1048576K
Event: 26683,742 GC heap after
Heap after GC invocations=89 (full 0):
 PSYoungGen      total 15360K, used 369K [0x00000000eab00000, 0x00000000ebb00000, 0x0000000100000000)
  eden space 14848K, 0% used [0x00000000eab00000,0x00000000eab00000,0x00000000eb980000)
  from space 512K, 72% used [0x00000000eba00000,0x00000000eba5c700,0x00000000eba80000)
  to   space 512K, 0% used [0x00000000eba80000,0x00000000eba80000,0x00000000ebb00000)
 ParOldGen       total 40960K, used 8164K [0x00000000c0000000, 0x00000000c2800000, 0x00000000eab00000)
  object space 40960K, 19% used [0x00000000c0000000,0x00000000c07f93a0,0x00000000c2800000)
 Metaspace       used 18809K, capacity 19116K, committed 19328K, reserved 1067008K
  class space    used 2080K, capacity 2161K, committed 2176K, reserved 1048576K
}

