# JRE version: OpenJDK Runtime Environment (8.0_141-b15) (build 1.8.0_141-BLFS-b15)
# Java VM: OpenJDK 64-Bit Server VM (25.141-b15 mixed mode linux-amd64 compressed oops)
Heap:
 PSYoungGen      total 16384K, used 14738K [0x00000000eab00000, 0x00000000ebc80000, 0x0000000100000000)
  eden space 14848K, 98% used [0x00000000eab00000,0x00000000eb954918,0x00000000eb980000)
  from space 1536K, 4% used [0x00000000ebb00000,0x00000000ebb10000,0x00000000ebc80000)
  to   space 1536K, 0% used [0x00000000eb980000,0x00000000eb980000,0x00000000ebb00000)
 ParOldGen       total 40960K, used 4633K [0x00000000c0000000, 0x00000000c2800000, 0x00000000eab00000)
  object space 40960K, 11% used [0x00000000c0000000,0x00000000c0486548,0x00000000c2800000)
 Metaspace       used 17976K, capacity 18256K, committed 18560K, reserved 1064960K
  class space    used 1997K, capacity 2093K, committed 2176K, reserved 1048576K
GC Heap History (10 events):
Event: 12796,152 GC heap before
{Heap before GC invocations=32 (full 0):
 PSYoungGen      total 16896K, used 14944K [0x00000000eab00000, 0x00000000ebd80000, 0x0000000100000000)
  eden space 14848K, 100% used [0x00000000eab00000,0x00000000eb980000,0x00000000eb980000)
  from space 2048K, 4% used [0x00000000eb980000,0x00000000eb998000,0x00000000ebb80000)
  to   space 2048K, 0% used [0x00000000ebb80000,0x00000000ebb80000,0x00000000ebd80000)
 ParOldGen       total 40960K, used 4609K [0x00000000c0000000, 0x00000000c2800000, 0x00000000eab00000)
  object space 40960K, 11% used [0x00000000c0000000,0x00000000c0480548,0x00000000c2800000)
 Metaspace       used 17850K, capacity 18128K, committed 18560K, reserved 1064960K
  class space    used 1997K, capacity 2093K, committed 2176K, reserved 1048576K
Event: 12796,158 GC heap after
Heap after GC invocations=32 (full 0):
 PSYoungGen      total 16896K, used 64K [0x00000000eab00000, 0x00000000ebd80000, 0x0000000100000000)
  eden space 14848K, 0% used [0x00000000eab00000,0x00000000eab00000,0x00000000eb980000)
  from space 2048K, 3% used [0x00000000ebb80000,0x00000000ebb90000,0x00000000ebd80000)
  to   space 2048K, 0% used [0x00000000eb980000,0x00000000eb980000,0x00000000ebb80000)
 ParOldGen       total 40960K, used 4609K [0x00000000c0000000, 0x00000000c2800000, 0x00000000eab00000)
  object space 40960K, 11% used [0x00000000c0000000,0x00000000c0480548,0x00000000c2800000)
 Metaspace       used 17850K, capacity 18128K, committed 18560K, reserved 1064960K
  class space    used 1997K, capacity 2093K, committed 2176K, reserved 1048576K
}
Event: 13026,260 GC heap before
{Heap before GC invocations=33 (full 0):
 PSYoungGen      total 16896K, used 14912K [0x00000000eab00000, 0x00000000ebd80000, 0x0000000100000000)
  eden space 14848K, 100% used [0x00000000eab00000,0x00000000eb980000,0x00000000eb980000)
  from space 2048K, 3% used [0x00000000ebb80000,0x00000000ebb90000,0x00000000ebd80000)
  to   space 2048K, 0% used [0x00000000eb980000,0x00000000eb980000,0x00000000ebb80000)
 ParOldGen       total 40960K, used 4609K [0x00000000c0000000, 0x00000000c2800000, 0x00000000eab00000)
  object space 40960K, 11% used [0x00000000c0000000,0x00000000c0480548,0x00000000c2800000)
 Metaspace       used 17850K, capacity 18128K, committed 18560K, reserved 1064960K
  class space    used 1997K, capacity 2093K, committed 2176K, reserved 1048576K
Event: 13026,265 GC heap after
Heap after GC invocations=33 (full 0):
 PSYoungGen      total 15360K, used 32K [0x00000000eab00000, 0x00000000ebc80000, 0x0000000100000000)
  eden space 14848K, 0% used [0x00000000eab00000,0x00000000eab00000,0x00000000eb980000)
  from space 512K, 6% used [0x00000000eb980000,0x00000000eb988000,0x00000000eba00000)
  to   space 1536K, 0% used [0x00000000ebb00000,0x00000000ebb00000,0x00000000ebc80000)
 ParOldGen       total 40960K, used 4625K [0x00000000c0000000, 0x00000000c2800000, 0x00000000eab00000)
  object space 40960K, 11% used [0x00000000c0000000,0x00000000c0484548,0x00000000c2800000)
 Metaspace       used 17850K, capacity 18128K, committed 18560K, reserved 1064960K
  class space    used 1997K, capacity 2093K, committed 2176K, reserved 1048576K
}
Event: 13256,368 GC heap before
{Heap before GC invocations=34 (full 0):
 PSYoungGen      total 15360K, used 14880K [0x00000000eab00000, 0x00000000ebc80000, 0x0000000100000000)
  eden space 14848K, 100% used [0x00000000eab00000,0x00000000eb980000,0x00000000eb980000)
  from space 512K, 6% used [0x00000000eb980000,0x00000000eb988000,0x00000000eba00000)
  to   space 1536K, 0% used [0x00000000ebb00000,0x00000000ebb00000,0x00000000ebc80000)
 ParOldGen       total 40960K, used 4625K [0x00000000c0000000, 0x00000000c2800000, 0x00000000eab00000)
  object space 40960K, 11% used [0x00000000c0000000,0x00000000c0484548,0x00000000c2800000)
 Metaspace       used 17850K, capacity 18128K, committed 18560K, reserved 1064960K
  class space    used 1997K, capacity 2093K, committed 2176K, reserved 1048576K
Event: 13256,373 GC heap after
Heap after GC invocations=34 (full 0):
 PSYoungGen      total 16384K, used 96K [0x00000000eab00000, 0x00000000ebc80000, 0x0000000100000000)
  eden space 14848K, 0% used [0x00000000eab00000,0x00000000eab00000,0x00000000eb980000)
  from space 1536K, 6% used [0x00000000ebb00000,0x00000000ebb18000,0x00000000ebc80000)
  to   space 1536K, 0% used [0x00000000eb980000,0x00000000eb980000,0x00000000ebb00000)
 ParOldGen       total 40960K, used 4625K [0x00000000c0000000, 0x00000000c2800000, 0x00000000eab00000)
  object space 40960K, 11% used [0x00000000c0000000,0x00000000c0484548,0x00000000c2800000)
 Metaspace       used 17850K, capacity 18128K, committed 18560K, reserved 1064960K
  class space    used 1997K, capacity 2093K, committed 2176K, reserved 1048576K
}
Event: 13486,485 GC heap before
{Heap before GC invocations=35 (full 0):
 PSYoungGen      total 16384K, used 14944K [0x00000000eab00000, 0x00000000ebc80000, 0x0000000100000000)
  eden space 14848K, 100% used [0x00000000eab00000,0x00000000eb980000,0x00000000eb980000)
  from space 1536K, 6% used [0x00000000ebb00000,0x00000000ebb18000,0x00000000ebc80000)
  to   space 1536K, 0% used [0x00000000eb980000,0x00000000eb980000,0x00000000ebb00000)
 ParOldGen       total 40960K, used 4625K [0x00000000c0000000, 0x00000000c2800000, 0x00000000eab00000)
  object space 40960K, 11% used [0x00000000c0000000,0x00000000c0484548,0x00000000c2800000)
 Metaspace       used 17850K, capacity 18128K, committed 18560K, reserved 1064960K
  class space    used 1997K, capacity 2093K, committed 2176K, reserved 1048576K
Event: 13486,491 GC heap after
Heap after GC invocations=35 (full 0):
 PSYoungGen      total 16384K, used 96K [0x00000000eab00000, 0x00000000ebc80000, 0x0000000100000000)
  eden space 14848K, 0% used [0x00000000eab00000,0x00000000eab00000,0x00000000eb980000)
  from space 1536K, 6% used [0x00000000eb980000,0x00000000eb998000,0x00000000ebb00000)
  to   space 1536K, 0% used [0x00000000ebb00000,0x00000000ebb00000,0x00000000ebc80000)
 ParOldGen       total 40960K, used 4625K [0x00000000c0000000, 0x00000000c2800000, 0x00000000eab00000)
  object space 40960K, 11% used [0x00000000c0000000,0x00000000c0484548,0x00000000c2800000)
 Metaspace       used 17850K, capacity 18128K, committed 18560K, reserved 1064960K
  class space    used 1997K, capacity 2093K, committed 2176K, reserved 1048576K
}
Event: 13715,589 GC heap before
{Heap before GC invocations=36 (full 0):
 PSYoungGen      total 16384K, used 14944K [0x00000000eab00000, 0x00000000ebc80000, 0x0000000100000000)
  eden space 14848K, 100% used [0x00000000eab00000,0x00000000eb980000,0x00000000eb980000)
  from space 1536K, 6% used [0x00000000eb980000,0x00000000eb998000,0x00000000ebb00000)
  to   space 1536K, 0% used [0x00000000ebb00000,0x00000000ebb00000,0x00000000ebc80000)
 ParOldGen       total 40960K, used 4625K [0x00000000c0000000, 0x00000000c2800000, 0x00000000eab00000)
  object space 40960K, 11% used [0x00000000c0000000,0x00000000c0484548,0x00000000c2800000)
 Metaspace       used 17904K, capacity 18192K, committed 18560K, reserved 1064960K
  class space    used 1997K, capacity 2093K, committed 2176K, reserved 1048576K
Event: 13715,593 GC heap after
Heap after GC invocations=36 (full 0):
 PSYoungGen      total 16384K, used 64K [0x00000000eab00000, 0x00000000ebc80000, 0x0000000100000000)
  eden space 14848K, 0% used [0x00000000eab00000,0x00000000eab00000,0x00000000eb980000)
  from space 1536K, 4% used [0x00000000ebb00000,0x00000000ebb10000,0x00000000ebc80000)
  to   space 1536K, 0% used [0x00000000eb980000,0x00000000eb980000,0x00000000ebb00000)
 ParOldGen       total 40960K, used 4633K [0x00000000c0000000, 0x00000000c2800000, 0x00000000eab00000)
  object space 40960K, 11% used [0x00000000c0000000,0x00000000c0486548,0x00000000c2800000)
 Metaspace       used 17904K, capacity 18192K, committed 18560K, reserved 1064960K
  class space    used 1997K, capacity 2093K, committed 2176K, reserved 1048576K
}

